<?xml version="1.0" encoding="UTF-8"?>
<!-- Generated by org.testng.reporters.JUnitReportReporter -->
<testsuite hostname="Shashank" failures="0" tests="6" name="tests.WelcomePageTest" time="26.573" errors="0" timestamp="2024-03-11T16:32:37 EDT" skipped="0">
  <testcase classname="tests.WelcomePageTest" name="validateWelcomePage" time="2.702"/>
  <testcase classname="tests.WelcomePageTest" name="welcomePage" time="8.356"/>
  <testcase classname="tests.WelcomePageTest" name="searchPage" time="5.367"/>
  <testcase classname="tests.WelcomePageTest" name="selectTeam" time="4.203"/>
  <testcase classname="tests.WelcomePageTest" name="subTab" time="4.486"/>
  <testcase classname="tests.WelcomePageTest" name="gobackToPreviousPage" time="1.459"/>
</testsuite> <!-- tests.WelcomePageTest -->
