<?xml version="1.0" encoding="UTF-8"?>
<!-- Generated by org.testng.reporters.JUnitReportReporter -->
<testsuite hostname="Shashank" failures="0" tests="6" name="com.score.tests.WelcomePageTest" time="20.652" errors="0" timestamp="2024-03-11T18:00:27 EDT" skipped="0">
  <testcase classname="com.score.tests.WelcomePageTest" name="validateWelcomePage" time="2.391"/>
  <testcase classname="com.score.tests.WelcomePageTest" name="welcomePage" time="6.404"/>
  <testcase classname="com.score.tests.WelcomePageTest" name="searchPage" time="5.588"/>
  <testcase classname="com.score.tests.WelcomePageTest" name="selectTeam" time="3.352"/>
  <testcase classname="com.score.tests.WelcomePageTest" name="subTab" time="1.974"/>
  <testcase classname="com.score.tests.WelcomePageTest" name="gobackToPreviousPage" time="0.943"/>
</testsuite> <!-- com.score.tests.WelcomePageTest -->
